<?xml version="1.0" encoding="UTF-8"?>
<!-- Generated by org.testng.reporters.JUnitReportReporter -->
<testsuite hostname="Ganesha-PC" name="com.live.test.FacebookTest" tests="4" failures="0" timestamp="2 Apr 2017 11:43:38 GMT" time="79.879" errors="0">
  <testcase name="createAccount" time="14.348" classname="com.live.test.FacebookTest"/>
  <testcase name="createAccount" time="17.418" classname="com.live.test.FacebookTest"/>
  <testcase name="loginUser" time="28.960" classname="com.live.test.FacebookTest"/>
  <testcase name="loginUser" time="19.153" classname="com.live.test.FacebookTest"/>
</testsuite> <!-- com.live.test.FacebookTest -->
