<?xml version="1.0" encoding="UTF-8"?>
<!-- Generated by org.testng.reporters.JUnitReportReporter -->
<testsuite hostname="HMECL000563" name="com.live.test.Test1" tests="1" failures="0" timestamp="30 Sep 2016 06:21:36 GMT" time="7.995" errors="0">
  <testcase name="test1" time="7.995" classname="com.live.test.Test1"/>
</testsuite> <!-- com.live.test.Test1 -->
