<?xml version="1.0" encoding="UTF-8"?>
<!-- Generated by org.testng.reporters.JUnitReportReporter -->
<testsuite hostname="HMECL000563" name="com.live.test.FacebookTest" tests="4" failures="0" timestamp="1 Oct 2016 06:25:09 GMT" time="45.732" errors="0">
  <testcase name="createAccount" time="13.553" classname="com.live.test.FacebookTest"/>
  <testcase name="loginUser" time="10.276" classname="com.live.test.FacebookTest"/>
  <testcase name="loginUser" time="11.176" classname="com.live.test.FacebookTest"/>
  <testcase name="createAccount" time="10.727" classname="com.live.test.FacebookTest"/>
</testsuite> <!-- com.live.test.FacebookTest -->
